WARNING:root:CLEANUP
WARNING:root:invalid literal for int() with base 10: 'asl'
WARNING:root:CLEANUP
WARNING:root:SOME UNKNOWN PROBLEM
WARNING:root:CLEANUP
WARNING:root:SOME UNKNOWN PROBLEM
WARNING:root:CLEANUP
WARNING:root:SOME UNKNOWN PROBLEM
WARNING:root:CLEANUP
WARNING:root:CLEANUP
WARNING:root:CLEANUP
WARNING:root:CLEANUP
WARNING:root:CLEANUP
WARNING:root:CLEANUP
WARNING:root:CLEANUP
WARNING:root:CLEANUP
WARNING:root:CLEANUP
WARNING:root:CLEANUP
WARNING:root:SOME UNKNOWN PROBLEM12
WARNING:root:CLEANUP
WARNING:root:SOME UNKNOWN PROBLEM12
ERROR:root:None
WARNING:root:CLEANUP
WARNING:root:CLEANUP
WARNING:root:CLEANUP
WARNING:root:CLEANUP
WARNING:root:SOME UNKNOWN PROBLEM12
WARNING:root:CLEANUP
WARNING:root:invalid literal for int() with base 10: 'as'
WARNING:root:CLEANUP
2019-04-03 15:42:13,755:WARNING:root:CLEANUP
2019-04-03 15:42:20,087:WARNING:root:invalid literal for int() with base 10: '12as'
2019-04-03 15:42:20,087:WARNING:root:CLEANUP
